<?xml version="1.0" encoding="UTF-8"?>
<!-- Generated by org.testng.reporters.JUnitReportReporter -->
<testsuite hostname="LAPTOP-US295GG4" failures="0" tests="1" name="seleniumjava.testng1" time="26.868" errors="0" timestamp="2022-09-23T11:32:21 IST" skipped="0">
  <testcase classname="seleniumjava.testng1" name="Title" time="26.868"/>
  <system-out/>
</testsuite> <!-- seleniumjava.testng1 -->
