<?xml version="1.0" encoding="UTF-8"?>
<!-- Generated by org.testng.reporters.JUnitReportReporter -->
<testsuite hostname="LAPTOP-US295GG4" failures="0" tests="1" name="seleniumjava.testng2" time="24.410" errors="0" timestamp="2022-09-23T12:08:49 IST" skipped="0">
  <testcase classname="seleniumjava.testng2" name="yahoo" time="24.410"/>
  <system-out/>
</testsuite> <!-- seleniumjava.testng2 -->
